<?xml version="1.0" encoding="UTF-8"?>
<!-- Generated by org.testng.reporters.JUnitReportReporter -->
<testsuite skipped="11" hostname="DESKTOP-KFO17RS" name="com.ip.TimeApi.CalendarTest" tests="12" failures="0" timestamp="2020-06-02T00:34:50 PDT" time="0.109" errors="1">
  <testcase name="testAllocateOneTaskFailure" time="0.000" classname="com.ip.TimeApi.CalendarTest">
    <skipped/>
  </testcase> <!-- testAllocateOneTaskFailure -->
  <system-out/>
  <testcase name="testAllocateOneTaskSuccess" time="0.000" classname="com.ip.TimeApi.CalendarTest">
    <skipped/>
  </testcase> <!-- testAllocateOneTaskSuccess -->
  <system-out/>
  <testcase name="testNowNearEndOfPeriodSucceeds" time="0.000" classname="com.ip.TimeApi.CalendarTest">
    <skipped/>
  </testcase> <!-- testNowNearEndOfPeriodSucceeds -->
  <system-out/>
  <testcase name="testAllocateWorkPeriodsInPast" time="0.000" classname="com.ip.TimeApi.CalendarTest">
    <skipped/>
  </testcase> <!-- testAllocateWorkPeriodsInPast -->
  <system-out/>
  <testcase name="testAllocateExactFit" time="0.000" classname="com.ip.TimeApi.CalendarTest">
    <skipped/>
  </testcase> <!-- testAllocateExactFit -->
  <system-out/>
  <testcase name="testNoTasksNoPeriods" time="0.000" classname="com.ip.TimeApi.CalendarTest">
    <skipped/>
  </testcase> <!-- testNoTasksNoPeriods -->
  <system-out/>
  <testcase name="testAllocateTwoPeriodsFailure" time="0.000" classname="com.ip.TimeApi.CalendarTest">
    <skipped/>
  </testcase> <!-- testAllocateTwoPeriodsFailure -->
  <system-out/>
  <testcase name="testNowNearEndOfPeriodFails" time="0.000" classname="com.ip.TimeApi.CalendarTest">
    <skipped/>
  </testcase> <!-- testNowNearEndOfPeriodFails -->
  <system-out/>
  <testcase name="setup" time="0.109" classname="com.ip.TimeApi.CalendarTest">
    <error type="java.time.DateTimeException" message="Invalid value for Year (valid values -999999999 - 999999999): 1000000000">
      <![CDATA[java.time.DateTimeException: Invalid value for Year (valid values -999999999 - 999999999): 1000000000
at java.time.temporal.ValueRange.checkValidIntValue(Unknown Source)
at java.time.temporal.ChronoField.checkValidIntValue(Unknown Source)
at java.time.LocalDate.ofEpochDay(Unknown Source)
at java.time.LocalDate.plusDays(Unknown Source)
at java.time.LocalDateTime.plusDays(Unknown Source)
at com.ip.TimeApi.WorkPeriod.validatePeriodTimes(WorkPeriod.java:35)
at com.ip.TimeApi.WorkPeriod.<init>(WorkPeriod.java:31)
at com.ip.TimeApi.WorkPeriod.<init>(WorkPeriod.java:24)
at com.ip.TimeApi.CalendarTest.setup(CalendarTest.java:34)
at sun.reflect.NativeMethodAccessorImpl.invoke0(Native Method)
at sun.reflect.NativeMethodAccessorImpl.invoke(Unknown Source)
at sun.reflect.DelegatingMethodAccessorImpl.invoke(Unknown Source)
at java.lang.reflect.Method.invoke(Unknown Source)
at org.testng.internal.MethodInvocationHelper.invokeMethod(MethodInvocationHelper.java:134)
at org.testng.internal.MethodInvocationHelper.invokeMethodConsideringTimeout(MethodInvocationHelper.java:63)
at org.testng.internal.ConfigInvoker.invokeConfigurationMethod(ConfigInvoker.java:348)
at org.testng.internal.ConfigInvoker.invokeConfigurations(ConfigInvoker.java:302)
at org.testng.TestRunner.invokeTestConfigurations(TestRunner.java:619)
at org.testng.TestRunner.beforeRun(TestRunner.java:609)
at org.testng.TestRunner.run(TestRunner.java:580)
at org.testng.SuiteRunner.runTest(SuiteRunner.java:384)
at org.testng.SuiteRunner.runSequentially(SuiteRunner.java:378)
at org.testng.SuiteRunner.privateRun(SuiteRunner.java:337)
at org.testng.SuiteRunner.run(SuiteRunner.java:286)
at org.testng.SuiteRunnerWorker.runSuite(SuiteRunnerWorker.java:53)
at org.testng.SuiteRunnerWorker.run(SuiteRunnerWorker.java:96)
at org.testng.TestNG.runSuitesSequentially(TestNG.java:1187)
at org.testng.TestNG.runSuitesLocally(TestNG.java:1109)
at org.testng.TestNG.runSuites(TestNG.java:1039)
at org.testng.TestNG.run(TestNG.java:1007)
at org.testng.remote.AbstractRemoteTestNG.run(AbstractRemoteTestNG.java:115)
at org.testng.remote.RemoteTestNG.initAndRun(RemoteTestNG.java:251)
at org.testng.remote.RemoteTestNG.main(RemoteTestNG.java:77)
]]>
    </error>
  </testcase> <!-- setup -->
  <system-out/>
  <testcase name="testAllocateNoWorkPeriods" time="0.000" classname="com.ip.TimeApi.CalendarTest">
    <skipped/>
  </testcase> <!-- testAllocateNoWorkPeriods -->
  <system-out/>
  <testcase name="testAllocateTwoPeriodsSuccess" time="0.000" classname="com.ip.TimeApi.CalendarTest">
    <skipped/>
  </testcase> <!-- testAllocateTwoPeriodsSuccess -->
  <system-out/>
  <testcase name="testAllocateTwoTasksSuccess" time="0.000" classname="com.ip.TimeApi.CalendarTest">
    <skipped/>
  </testcase> <!-- testAllocateTwoTasksSuccess -->
  <system-out/>
</testsuite> <!-- com.ip.TimeApi.CalendarTest -->
